2024-01-16 02:58:43,031 | INFO  | Using Persistence Adapter: KahaDBPersistenceAdapter[/tmp/mq/kahadb] | org.apache.activemq.broker.BrokerService | main
2024-01-16 02:58:43,042 | INFO  | Starting Persistence Adapter: KahaDBPersistenceAdapter[/tmp/mq/kahadb] | org.apache.activemq.broker.BrokerService | main
2024-01-16 02:58:43,057 | INFO  | Starting KahaDBStore | org.apache.activemq.store.kahadb.KahaDBStore | main
2024-01-16 02:58:43,058 | INFO  | Opening MessageDatabase | org.apache.activemq.store.kahadb.MessageDatabase | main
2024-01-16 02:58:43,069 | INFO  | JMX consoles can connect to service:jmx:rmi:///jndi/rmi://localhost:1099/jmxrmi | org.apache.activemq.broker.jmx.ManagementContext | JMX connector
2024-01-16 02:58:43,204 | INFO  | Starting Temp Data Store | org.apache.activemq.broker.BrokerService | main
2024-01-16 02:58:43,205 | INFO  | PListStore:[/tmp/mq/kahadb/localhost/tmp_storage] started | org.apache.activemq.store.kahadb.plist.PListStoreImpl | main
2024-01-16 02:58:43,205 | INFO  | Starting Job Scheduler Store | org.apache.activemq.broker.BrokerService | main
2024-01-16 02:58:43,206 | INFO  | Persistence Adapter successfully started | org.apache.activemq.broker.BrokerService | main
2024-01-16 02:58:43,326 | INFO  | Apache ActiveMQ 5.17.6 (localhost, ID:activemq-34133-1705373923212-0:1) is starting | org.apache.activemq.broker.BrokerService | main
2024-01-16 02:58:43,336 | INFO  | Listening for connections at: tcp://activemq:61616?maximumConnections=1000&wireFormat.maxFrameSize=104857600&updateClusterClients=true | org.apache.activemq.transport.TransportServerThreadSupport | main
2024-01-16 02:58:43,337 | INFO  | Connector openwire started | org.apache.activemq.broker.TransportConnector | main
2024-01-16 02:58:43,341 | INFO  | Listening for connections at: amqp://activemq:5672?maximumConnections=1000&wireFormat.maxFrameSize=104857600 | org.apache.activemq.transport.TransportServerThreadSupport | main
2024-01-16 02:58:43,342 | INFO  | Connector amqp started | org.apache.activemq.broker.TransportConnector | main
2024-01-16 02:58:43,344 | INFO  | Listening for connections at: stomp://activemq:61613?maximumConnections=1000&wireFormat.maxFrameSize=104857600 | org.apache.activemq.transport.TransportServerThreadSupport | main
2024-01-16 02:58:43,345 | INFO  | Connector stomp started | org.apache.activemq.broker.TransportConnector | main
2024-01-16 02:58:43,348 | INFO  | Listening for connections at: mqtt://activemq:1883?maximumConnections=1000&wireFormat.maxFrameSize=104857600 | org.apache.activemq.transport.TransportServerThreadSupport | main
2024-01-16 02:58:43,349 | INFO  | Connector mqtt started | org.apache.activemq.broker.TransportConnector | main
2024-01-16 02:58:43,351 | INFO  | Starting Jetty server | org.apache.activemq.transport.WebTransportServerSupport | main
2024-01-16 02:58:43,753 | INFO  | Creating Jetty connector | org.apache.activemq.transport.WebTransportServerSupport | main
2024-01-16 02:58:43,806 | WARN  | ServletContext@o.e.j.s.ServletContextHandler@625d9132{/,null,STARTING} has uncovered http methods for path: / | org.eclipse.jetty.security.SecurityHandler | main
2024-01-16 02:58:43,833 | INFO  | Listening for connections at ws://activemq:61614?maximumConnections=1000&wireFormat.maxFrameSize=104857600 | org.apache.activemq.transport.ws.WSTransportServer | main
2024-01-16 02:58:43,833 | INFO  | Connector ws started | org.apache.activemq.broker.TransportConnector | main
2024-01-16 02:58:43,834 | INFO  | Apache ActiveMQ 5.17.6 (localhost, ID:activemq-34133-1705373923212-0:1) started | org.apache.activemq.broker.BrokerService | main
2024-01-16 02:58:43,834 | INFO  | For help or more information please see: http://activemq.apache.org | org.apache.activemq.broker.BrokerService | main
2024-01-16 02:58:44,356 | INFO  | ActiveMQ WebConsole available at http://0.0.0.0:8161/ | org.apache.activemq.web.WebConsoleStarter | main
2024-01-16 02:58:44,356 | INFO  | ActiveMQ Jolokia REST API available at http://0.0.0.0:8161/api/jolokia/ | org.apache.activemq.web.WebConsoleStarter | main
2024-01-16 03:08:55,230 | WARN  | /api/message | org.eclipse.jetty.server.HttpChannel | qtp1047000562-50
javax.servlet.ServletException: javax.servlet.ServletException: org.apache.activemq.web.NoDestinationSuppliedException: Could not perform the JMS operation as no Destination was supplied
	at org.eclipse.jetty.server.handler.HandlerCollection.handle(HandlerCollection.java:162)
	at org.eclipse.jetty.server.handler.HandlerWrapper.handle(HandlerWrapper.java:127)
	at org.eclipse.jetty.server.Server.handle(Server.java:516)
	at org.eclipse.jetty.server.HttpChannel.lambda$handle$1(HttpChannel.java:487)
	at org.eclipse.jetty.server.HttpChannel.dispatch(HttpChannel.java:732)
	at org.eclipse.jetty.server.HttpChannel.handle(HttpChannel.java:479)
	at org.eclipse.jetty.server.HttpConnection.onFillable(HttpConnection.java:277)
	at org.eclipse.jetty.io.AbstractConnection$ReadCallback.succeeded(AbstractConnection.java:311)
	at org.eclipse.jetty.io.FillInterest.fillable(FillInterest.java:105)
	at org.eclipse.jetty.io.ChannelEndPoint$1.run(ChannelEndPoint.java:104)
	at org.eclipse.jetty.util.thread.QueuedThreadPool.runJob(QueuedThreadPool.java:883)
	at org.eclipse.jetty.util.thread.QueuedThreadPool$Runner.run(QueuedThreadPool.java:1034)
	at java.base/java.lang.Thread.run(Unknown Source)
Caused by: javax.servlet.ServletException: org.apache.activemq.web.NoDestinationSuppliedException: Could not perform the JMS operation as no Destination was supplied
	at org.eclipse.jetty.server.handler.HandlerCollection.handle(HandlerCollection.java:162)
	at org.eclipse.jetty.security.SecurityHandler.handle(SecurityHandler.java:560)
	at org.eclipse.jetty.server.handler.HandlerCollection.handle(HandlerCollection.java:146)
	... 12 more
Caused by: org.apache.activemq.web.NoDestinationSuppliedException: Could not perform the JMS operation as no Destination was supplied
	at org.apache.activemq.web.MessageServlet.doMessages(MessageServlet.java:185)
	at org.apache.activemq.web.MessageServlet.doGet(MessageServlet.java:167)
	at javax.servlet.http.HttpServlet.service(HttpServlet.java:655)
	at javax.servlet.http.HttpServlet.service(HttpServlet.java:764)
	at org.eclipse.jetty.servlet.ServletHolder.handle(ServletHolder.java:799)
	at org.eclipse.jetty.servlet.ServletHandler.doHandle(ServletHandler.java:554)
	at org.eclipse.jetty.server.handler.ScopedHandler.handle(ScopedHandler.java:143)
	at org.eclipse.jetty.security.SecurityHandler.handle(SecurityHandler.java:560)
	at org.eclipse.jetty.server.handler.HandlerWrapper.handle(HandlerWrapper.java:127)
	at org.eclipse.jetty.server.handler.ScopedHandler.nextHandle(ScopedHandler.java:235)
	at org.eclipse.jetty.server.session.SessionHandler.doHandle(SessionHandler.java:1624)
	at org.eclipse.jetty.server.handler.ScopedHandler.nextHandle(ScopedHandler.java:233)
	at org.eclipse.jetty.server.handler.ContextHandler.doHandle(ContextHandler.java:1440)
	at org.eclipse.jetty.server.handler.ScopedHandler.nextScope(ScopedHandler.java:188)
	at org.eclipse.jetty.servlet.ServletHandler.doScope(ServletHandler.java:505)
	at org.eclipse.jetty.server.session.SessionHandler.doScope(SessionHandler.java:1594)
	at org.eclipse.jetty.server.handler.ScopedHandler.nextScope(ScopedHandler.java:186)
	at org.eclipse.jetty.server.handler.ContextHandler.doScope(ContextHandler.java:1355)
	at org.eclipse.jetty.server.handler.ScopedHandler.handle(ScopedHandler.java:141)
	at org.eclipse.jetty.server.handler.HandlerCollection.handle(HandlerCollection.java:146)
	... 14 more
